<?xml version="1.0" encoding="UTF-8"?>
<!-- Generated by org.testng.reporters.JUnitXMLReporter -->
<testsuite ignored="0" hostname="HOME-PC" failures="1" tests="1" name="Test" time="22.2" errors="0" timestamp="2021-08-23T19:02:41 IST">
  <testcase classname="Testcases.CreatenewAccount" name="mainTest" time="5.015">
    <failure type="org.testng.internal.reflect.MethodMatcherException" message="
[public void Testcases.CreatenewAccount.mainTest() throws java.lang.Exception] has no parameters defined but was found to be using a data provider (either explicitly specified or inherited from class level annotation).
Data provider mismatch
Method: mainTest([])
Arguments: [(java.lang.String) pngp@gmail.com,(java.lang.String) Mrs,(java.lang.String) TestUser,(java.lang.String) UserTest,(java.lang.String) hgsdtyf,(java.lang.String) 22,(java.lang.String) July ,(java.lang.String) 1985,(java.lang.String) ABCDEF,(java.lang.String) EDFG123,(java.lang.String) San,(java.lang.String) Alabama,(java.lang.String) 91436,(java.lang.String) United States,(java.lang.String) 8489875678]">
      <![CDATA[org.testng.internal.reflect.MethodMatcherException: 
[public void Testcases.CreatenewAccount.mainTest() throws java.lang.Exception] has no parameters defined but was found to be using a data provider (either explicitly specified or inherited from class level annotation).
Data provider mismatch
Method: mainTest([])
Arguments: [(java.lang.String) pngp@gmail.com,(java.lang.String) Mrs,(java.lang.String) TestUser,(java.lang.String) UserTest,(java.lang.String) hgsdtyf,(java.lang.String) 22,(java.lang.String) July ,(java.lang.String) 1985,(java.lang.String) ABCDEF,(java.lang.String) EDFG123,(java.lang.String) San,(java.lang.String) Alabama,(java.lang.String) 91436,(java.lang.String) United States,(java.lang.String) 8489875678]
at java.base/java.util.ArrayList.forEach(ArrayList.java:1541)
... Removed 22 stack frames]]>
    </failure>
  </testcase> <!-- mainTest -->
</testsuite> <!-- Test -->
